\BOOKMARK [1][-]{section.1}{Intro}{}% 1
\BOOKMARK [1][-]{section.2}{Problem Statement}{}% 2
\BOOKMARK [2][-]{subsection.2.1}{Frame it as Sequential Decision Analysis \(SDA\)}{section.2}% 3
\BOOKMARK [2][-]{subsection.2.2}{Talk about Stopping Time Problem}{section.2}% 4
\BOOKMARK [2][-]{subsection.2.3}{Stopping policy which lead option value}{section.2}% 5
\BOOKMARK [1][-]{section.3}{Modeling Uncertainty}{}% 6
\BOOKMARK [2][-]{subsection.3.1}{GBM Model}{section.3}% 7
\BOOKMARK [2][-]{subsection.3.2}{GARCH Model}{section.3}% 8
\BOOKMARK [1][-]{section.4}{Optimal Policy of American Option Problem}{}% 9
\BOOKMARK [2][-]{subsection.4.1}{Binomial Lattice Method}{section.4}% 10
\BOOKMARK [2][-]{subsection.4.2}{LSM}{section.4}% 11
\BOOKMARK [2][-]{subsection.4.3}{Reinforcement Learning}{section.4}% 12
\BOOKMARK [1][-]{section.5}{Results}{}% 13
\BOOKMARK [2][-]{subsection.5.1}{Reprodcing LSM Option Price Example with RL}{section.5}% 14
\BOOKMARK [2][-]{subsection.5.2}{Comparative analysis of final policies}{section.5}% 15
\BOOKMARK [3][-]{subsubsection.5.2.1}{Decision Boundary Curves }{subsection.5.2}% 16
\BOOKMARK [3][-]{subsubsection.5.2.2}{Decision Frequency Plot}{subsection.5.2}% 17
\BOOKMARK [2][-]{subsection.5.3}{How RL policy moves toward final policy?}{section.5}% 18
\BOOKMARK [2][-]{subsection.5.4}{Conducting a two-way sensitivity analysis using the GBM model}{section.5}% 19
\BOOKMARK [3][-]{subsubsection.5.4.1}{Assessing the impact of volatility}{subsection.5.4}% 20
\BOOKMARK [3][-]{subsubsection.5.4.2}{Evaluating the influence of time horizon}{subsection.5.4}% 21
\BOOKMARK [2][-]{subsection.5.5}{Analyzing the GARCH Model}{section.5}% 22
\BOOKMARK [3][-]{subsubsection.5.5.1}{Comparing policies generated by LSM and RL}{subsection.5.5}% 23
\BOOKMARK [3][-]{subsubsection.5.5.2}{Assessing their impact on option valuation}{subsection.5.5}% 24
